0 verbose cli C:\Program Files\nodejs\node.exe C:\Program Files\nodejs\node_modules\npm\bin\npm-cli.js
1 info using npm@11.9.0
2 info using node@v24.14.0
3 silly config load:file:C:\Program Files\nodejs\node_modules\npm\npmrc
4 silly config load:file:C:\xampp\htdocs\cab_management\cab_booking_app\.npmrc
5 silly config load:file:C:\Users\jaree\.npmrc
6 silly config load:file:C:\Users\jaree\AppData\Roaming\npm\etc\npmrc
7 verbose title npm install mysql2
8 verbose argv "install" "mysql2"
9 verbose logfile logs-max:10 dir:C:\xampp\htdocs\cab_management\cab_booking_app\.npm-cache\_logs\2026-04-03T18_25_49_227Z-
10 verbose logfile C:\xampp\htdocs\cab_management\cab_booking_app\.npm-cache\_logs\2026-04-03T18_25_49_227Z-debug-0.log
11 silly logfile done cleaning log files
12 silly packumentCache heap:4496293888 maxSize:1124073472 maxEntrySize:562036736
13 silly idealTree buildDeps
14 silly fetch manifest mysql2@*
15 silly packumentCache full:https://registry.npmjs.org/mysql2 cache-miss
16 http fetch GET 200 https://registry.npmjs.org/mysql2 815ms (cache miss)
17 silly packumentCache full:https://registry.npmjs.org/mysql2 set size:undefined disposed:false
18 silly fetch manifest @types/node@>= 8
19 silly packumentCache full:https://registry.npmjs.org/@types%2fnode cache-miss
20 http fetch GET 200 https://registry.npmjs.org/@types%2fnode 339ms (cache miss)
21 silly packumentCache full:https://registry.npmjs.org/@types%2fnode set size:undefined disposed:false
22 silly placeDep ROOT mysql2@3.20.0 OK for: cab_booking_app@0.1.0 want: *
23 silly placeDep ROOT @types/node@25.5.2 OK for: mysql2@3.20.0 want: >= 8
24 silly fetch manifest aws-ssl-profiles@^1.1.2
25 silly packumentCache full:https://registry.npmjs.org/aws-ssl-profiles cache-miss
26 silly fetch manifest denque@^2.1.0
27 silly packumentCache full:https://registry.npmjs.org/denque cache-miss
28 silly fetch manifest generate-function@^2.3.1
29 silly packumentCache full:https://registry.npmjs.org/generate-function cache-miss
30 silly fetch manifest iconv-lite@^0.7.2
31 silly packumentCache full:https://registry.npmjs.org/iconv-lite cache-miss
32 silly fetch manifest long@^5.3.2
33 silly packumentCache full:https://registry.npmjs.org/long cache-miss
34 silly fetch manifest lru.min@^1.1.4
35 silly packumentCache full:https://registry.npmjs.org/lru.min cache-miss
36 silly fetch manifest named-placeholders@^1.1.6
37 silly packumentCache full:https://registry.npmjs.org/named-placeholders cache-miss
38 silly fetch manifest sql-escaper@^1.3.3
39 silly packumentCache full:https://registry.npmjs.org/sql-escaper cache-miss
40 silly fetch manifest undici-types@~7.18.0
41 silly packumentCache full:https://registry.npmjs.org/undici-types cache-miss
42 http fetch GET 200 https://registry.npmjs.org/iconv-lite 402ms (cache miss)
43 silly packumentCache full:https://registry.npmjs.org/iconv-lite set size:undefined disposed:false
44 http fetch GET 200 https://registry.npmjs.org/undici-types 411ms (cache miss)
45 silly packumentCache full:https://registry.npmjs.org/undici-types set size:undefined disposed:false
46 http fetch GET 200 https://registry.npmjs.org/aws-ssl-profiles 426ms (cache miss)
47 silly packumentCache full:https://registry.npmjs.org/aws-ssl-profiles set size:undefined disposed:false
48 http fetch GET 200 https://registry.npmjs.org/named-placeholders 650ms (cache miss)
49 silly packumentCache full:https://registry.npmjs.org/named-placeholders set size:undefined disposed:false
50 http fetch GET 200 https://registry.npmjs.org/sql-escaper 652ms (cache miss)
51 silly packumentCache full:https://registry.npmjs.org/sql-escaper set size:undefined disposed:false
52 http fetch GET 200 https://registry.npmjs.org/lru.min 655ms (cache miss)
53 silly packumentCache full:https://registry.npmjs.org/lru.min set size:undefined disposed:false
54 http fetch GET 200 https://registry.npmjs.org/long 658ms (cache miss)
55 silly packumentCache full:https://registry.npmjs.org/long set size:undefined disposed:false
56 http fetch GET 200 https://registry.npmjs.org/denque 1201ms (cache miss)
57 silly packumentCache full:https://registry.npmjs.org/denque set size:undefined disposed:false
58 http fetch GET 200 https://registry.npmjs.org/generate-function 1203ms (cache miss)
59 silly packumentCache full:https://registry.npmjs.org/generate-function set size:undefined disposed:false
60 silly placeDep ROOT undici-types@7.18.2 OK for: @types/node@25.5.2 want: ~7.18.0
61 silly placeDep ROOT aws-ssl-profiles@1.1.2 OK for: mysql2@3.20.0 want: ^1.1.2
62 silly placeDep ROOT denque@2.1.0 OK for: mysql2@3.20.0 want: ^2.1.0
63 silly placeDep ROOT generate-function@2.3.1 OK for: mysql2@3.20.0 want: ^2.3.1
64 silly placeDep ROOT iconv-lite@0.7.2 OK for: mysql2@3.20.0 want: ^0.7.2
65 silly placeDep ROOT long@5.3.2 OK for: mysql2@3.20.0 want: ^5.3.2
66 silly placeDep ROOT lru.min@1.1.4 OK for: mysql2@3.20.0 want: ^1.1.4
67 silly placeDep ROOT named-placeholders@1.1.6 OK for: mysql2@3.20.0 want: ^1.1.6
68 silly placeDep ROOT sql-escaper@1.3.3 OK for: mysql2@3.20.0 want: ^1.3.3
69 silly fetch manifest is-property@^1.0.2
70 silly packumentCache full:https://registry.npmjs.org/is-property cache-miss
71 silly fetch manifest safer-buffer@>= 2.1.2 < 3.0.0
72 silly packumentCache full:https://registry.npmjs.org/safer-buffer cache-miss
73 http fetch GET 200 https://registry.npmjs.org/safer-buffer 171ms (cache miss)
74 silly packumentCache full:https://registry.npmjs.org/safer-buffer set size:undefined disposed:false
75 http fetch GET 200 https://registry.npmjs.org/is-property 479ms (cache miss)
76 silly packumentCache full:https://registry.npmjs.org/is-property set size:undefined disposed:false
77 silly placeDep ROOT is-property@1.0.2 OK for: generate-function@2.3.1 want: ^1.0.2
78 silly placeDep ROOT safer-buffer@2.1.2 OK for: iconv-lite@0.7.2 want: >= 2.1.2 < 3.0.0
79 silly reify moves {}
80 silly audit bulk request {
80 silly audit   '@babel/code-frame': [ '7.29.0' ],
80 silly audit   '@babel/compat-data': [ '7.29.0' ],
80 silly audit   '@babel/core': [ '7.29.0' ],
80 silly audit   '@babel/generator': [ '7.29.1' ],
80 silly audit   '@babel/helper-compilation-targets': [ '7.28.6' ],
80 silly audit   '@babel/helper-globals': [ '7.28.0' ],
80 silly audit   '@babel/helper-module-imports': [ '7.28.6' ],
80 silly audit   '@babel/helper-module-transforms': [ '7.28.6' ],
80 silly audit   '@babel/helper-string-parser': [ '7.27.1' ],
80 silly audit   '@babel/helper-validator-identifier': [ '7.28.5' ],
80 silly audit   '@babel/helper-validator-option': [ '7.27.1' ],
80 silly audit   '@babel/helpers': [ '7.29.2' ],
80 silly audit   '@babel/parser': [ '7.29.2' ],
80 silly audit   '@babel/template': [ '7.28.6' ],
80 silly audit   '@babel/traverse': [ '7.29.0' ],
80 silly audit   '@babel/types': [ '7.29.0' ],
80 silly audit   '@emnapi/core': [ '1.9.2' ],
80 silly audit   '@emnapi/runtime': [ '1.9.2' ],
80 silly audit   '@emnapi/wasi-threads': [ '1.2.1' ],
80 silly audit   '@eslint-community/eslint-utils': [ '4.9.1' ],
80 silly audit   'eslint-visitor-keys': [ '3.4.3', '5.0.1', '4.2.1' ],
80 silly audit   '@eslint-community/regexpp': [ '4.12.2' ],
80 silly audit   '@eslint/config-array': [ '0.21.2' ],
80 silly audit   '@eslint/config-helpers': [ '0.4.2' ],
80 silly audit   '@eslint/core': [ '0.17.0' ],
80 silly audit   '@eslint/eslintrc': [ '3.3.5' ],
80 silly audit   '@eslint/js': [ '9.39.4' ],
80 silly audit   '@eslint/object-schema': [ '2.1.7' ],
80 silly audit   '@eslint/plugin-kit': [ '0.4.1' ],
80 silly audit   '@humanfs/core': [ '0.19.1' ],
80 silly audit   '@humanfs/node': [ '0.16.7' ],
80 silly audit   '@humanwhocodes/module-importer': [ '1.0.1' ],
80 silly audit   '@humanwhocodes/retry': [ '0.4.3' ],
80 silly audit   '@img/colour': [ '1.1.0' ],
80 silly audit   '@img/sharp-darwin-arm64': [ '0.34.5' ],
80 silly audit   '@img/sharp-darwin-x64': [ '0.34.5' ],
80 silly audit   '@img/sharp-libvips-darwin-arm64': [ '1.2.4' ],
80 silly audit   '@img/sharp-libvips-darwin-x64': [ '1.2.4' ],
80 silly audit   '@img/sharp-libvips-linux-arm': [ '1.2.4' ],
80 silly audit   '@img/sharp-libvips-linux-arm64': [ '1.2.4' ],
80 silly audit   '@img/sharp-libvips-linux-ppc64': [ '1.2.4' ],
80 silly audit   '@img/sharp-libvips-linux-riscv64': [ '1.2.4' ],
80 silly audit   '@img/sharp-libvips-linux-s390x': [ '1.2.4' ],
80 silly audit   '@img/sharp-libvips-linux-x64': [ '1.2.4' ],
80 silly audit   '@img/sharp-libvips-linuxmusl-arm64': [ '1.2.4' ],
80 silly audit   '@img/sharp-libvips-linuxmusl-x64': [ '1.2.4' ],
80 silly audit   '@img/sharp-linux-arm': [ '0.34.5' ],
80 silly audit   '@img/sharp-linux-arm64': [ '0.34.5' ],
80 silly audit   '@img/sharp-linux-ppc64': [ '0.34.5' ],
80 silly audit   '@img/sharp-linux-riscv64': [ '0.34.5' ],
80 silly audit   '@img/sharp-linux-s390x': [ '0.34.5' ],
80 silly audit   '@img/sharp-linux-x64': [ '0.34.5' ],
80 silly audit   '@img/sharp-linuxmusl-arm64': [ '0.34.5' ],
80 silly audit   '@img/sharp-linuxmusl-x64': [ '0.34.5' ],
80 silly audit   '@img/sharp-wasm32': [ '0.34.5' ],
80 silly audit   '@img/sharp-win32-arm64': [ '0.34.5' ],
80 silly audit   '@img/sharp-win32-ia32': [ '0.34.5' ],
80 silly audit   '@img/sharp-win32-x64': [ '0.34.5' ],
80 silly audit   '@jridgewell/gen-mapping': [ '0.3.13' ],
80 silly audit   '@jridgewell/remapping': [ '2.3.5' ],
80 silly audit   '@jridgewell/resolve-uri': [ '3.1.2' ],
80 silly audit   '@jridgewell/sourcemap-codec': [ '1.5.5' ],
80 silly audit   '@jridgewell/trace-mapping': [ '0.3.31' ],
80 silly audit   '@mongodb-js/saslprep': [ '1.4.6' ],
80 silly audit   '@napi-rs/wasm-runtime': [ '0.2.12' ],
80 silly audit   '@next/env': [ '16.2.2' ],
80 silly audit   '@next/eslint-plugin-next': [ '16.2.2' ],
80 silly audit   '@next/swc-darwin-arm64': [ '16.2.2' ],
80 silly audit   '@next/swc-darwin-x64': [ '16.2.2' ],
80 silly audit   '@next/swc-linux-arm64-gnu': [ '16.2.2' ],
80 silly audit   '@next/swc-linux-arm64-musl': [ '16.2.2' ],
80 silly audit   '@next/swc-linux-x64-gnu': [ '16.2.2' ],
80 silly audit   '@next/swc-linux-x64-musl': [ '16.2.2' ],
80 silly audit   '@next/swc-win32-arm64-msvc': [ '16.2.2' ],
80 silly audit   '@next/swc-win32-x64-msvc': [ '16.2.2' ],
80 silly audit   '@nodelib/fs.scandir': [ '2.1.5' ],
80 silly audit   '@nodelib/fs.stat': [ '2.0.5' ],
80 silly audit   '@nodelib/fs.walk': [ '1.2.8' ],
80 silly audit   '@nolyfill/is-core-module': [ '1.0.39' ],
80 silly audit   '@rtsao/scc': [ '1.1.0' ],
80 silly audit   '@swc/helpers': [ '0.5.15' ],
80 silly audit   '@tybys/wasm-util': [ '0.10.1' ],
80 silly audit   '@types/estree': [ '1.0.8' ],
80 silly audit   '@types/json-schema': [ '7.0.15' ],
80 silly audit   '@types/json5': [ '0.0.29' ],
80 silly audit   '@types/webidl-conversions': [ '7.0.3' ],
80 silly audit   '@types/whatwg-url': [ '13.0.0' ],
80 silly audit   '@typescript-eslint/eslint-plugin': [ '8.58.0' ],
80 silly audit   ignore: [ '7.0.5', '5.3.2' ],
80 silly audit   '@typescript-eslint/parser': [ '8.58.0' ],
80 silly audit   '@typescript-eslint/project-service': [ '8.58.0' ],
80 silly audit   '@typescript-eslint/scope-manager': [ '8.58.0' ],
80 silly audit   '@typescript-eslint/tsconfig-utils': [ '8.58.0' ],
80 silly audit   '@typescript-eslint/type-utils': [ '8.58.0' ],
80 silly audit   '@typescript-eslint/types': [ '8.58.0' ],
80 silly audit   '@typescript-eslint/typescript-estree': [ '8.58.0' ],
80 silly audit   'balanced-match': [ '4.0.4', '1.0.2' ],
80 silly audit   'brace-expansion': [ '5.0.5', '1.1.13' ],
80 silly audit   minimatch: [ '10.2.5', '3.1.5' ],
80 silly audit   semver: [ '7.7.4', '6.3.1' ],
80 silly audit   '@typescript-eslint/utils': [ '8.58.0' ],
80 silly audit   '@typescript-eslint/visitor-keys': [ '8.58.0' ],
80 silly audit   '@unrs/resolver-binding-android-arm-eabi': [ '1.11.1' ],
80 silly audit   '@unrs/resolver-binding-android-arm64': [ '1.11.1' ],
80 silly audit   '@unrs/resolver-binding-darwin-arm64': [ '1.11.1' ],
80 silly audit   '@unrs/resolver-binding-darwin-x64': [ '1.11.1' ],
80 silly audit   '@unrs/resolver-binding-freebsd-x64': [ '1.11.1' ],
80 silly audit   '@unrs/resolver-binding-linux-arm-gnueabihf': [ '1.11.1' ],
80 silly audit   '@unrs/resolver-binding-linux-arm-musleabihf': [ '1.11.1' ],
80 silly audit   '@unrs/resolver-binding-linux-arm64-gnu': [ '1.11.1' ],
80 silly audit   '@unrs/resolver-binding-linux-arm64-musl': [ '1.11.1' ],
80 silly audit   '@unrs/resolver-binding-linux-ppc64-gnu': [ '1.11.1' ],
80 silly audit   '@unrs/resolver-binding-linux-riscv64-gnu': [ '1.11.1' ],
80 silly audit   '@unrs/resolver-binding-linux-riscv64-musl': [ '1.11.1' ],
80 silly audit   '@unrs/resolver-binding-linux-s390x-gnu': [ '1.11.1' ],
80 silly audit   '@unrs/resolver-binding-linux-x64-gnu': [ '1.11.1' ],
80 silly audit   '@unrs/resolver-binding-linux-x64-musl': [ '1.11.1' ],
80 silly audit   '@unrs/resolver-binding-wasm32-wasi': [ '1.11.1' ],
80 silly audit   '@unrs/resolver-binding-win32-arm64-msvc': [ '1.11.1' ],
80 silly audit   '@unrs/resolver-binding-win32-ia32-msvc': [ '1.11.1' ],
80 silly audit   '@unrs/resolver-binding-win32-x64-msvc': [ '1.11.1' ],
80 silly audit   acorn: [ '8.16.0' ],
80 silly audit   'acorn-jsx': [ '5.3.2' ],
80 silly audit   ajv: [ '6.14.0' ],
80 silly audit   'ansi-styles': [ '4.3.0' ],
80 silly audit   argparse: [ '2.0.1' ],
80 silly audit   'aria-query': [ '5.3.2' ],
80 silly audit   'array-buffer-byte-length': [ '1.0.2' ],
80 silly audit   'array-includes': [ '3.1.9' ],
80 silly audit   'array.prototype.findlast': [ '1.2.5' ],
80 silly audit   'array.prototype.findlastindex': [ '1.2.6' ],
80 silly audit   'array.prototype.flat': [ '1.3.3' ],
80 silly audit   'array.prototype.flatmap': [ '1.3.3' ],
80 silly audit   'array.prototype.tosorted': [ '1.1.4' ],
80 silly audit   'arraybuffer.prototype.slice': [ '1.0.4' ],
80 silly audit   'ast-types-flow': [ '0.0.8' ],
80 silly audit   'async-function': [ '1.0.0' ],
80 silly audit   'available-typed-arrays': [ '1.0.7' ],
80 silly audit   'axe-core': [ '4.11.2' ],
80 silly audit   'axobject-query': [ '4.1.0' ],
80 silly audit   'baseline-browser-mapping': [ '2.10.13' ],
80 silly audit   braces: [ '3.0.3' ],
80 silly audit   browserslist: [ '4.28.2' ],
80 silly audit   bson: [ '7.2.0' ],
80 silly audit   'call-bind': [ '1.0.8' ],
80 silly audit   'call-bind-apply-helpers': [ '1.0.2' ],
80 silly audit   'call-bound': [ '1.0.4' ],
80 silly audit   callsites: [ '3.1.0' ],
80 silly audit   'caniuse-lite': [ '1.0.30001784' ],
80 silly audit   chalk: [ '4.1.2' ],
80 silly audit   'client-only': [ '0.0.1' ],
80 silly audit   'color-convert': [ '2.0.1' ],
80 silly audit   'color-name': [ '1.1.4' ],
80 silly audit   'concat-map': [ '0.0.1' ],
80 silly audit   'convert-source-map': [ '2.0.0' ],
80 silly audit   'cross-spawn': [ '7.0.6' ],
80 silly audit   'damerau-levenshtein': [ '1.0.8' ],
80 silly audit   'data-view-buffer': [ '1.0.2' ],
80 silly audit   'data-view-byte-length': [ '1.0.2' ],
80 silly audit   'data-view-byte-offset': [ '1.0.1' ],
80 silly audit   debug: [ '4.4.3', '3.2.7' ],
80 silly audit   'deep-is': [ '0.1.4' ],
80 silly audit   'define-data-property': [ '1.1.4' ],
80 silly audit   'define-properties': [ '1.2.1' ],
80 silly audit   'detect-libc': [ '2.1.2' ],
80 silly audit   doctrine: [ '2.1.0' ],
80 silly audit   'dunder-proto': [ '1.0.1' ],
80 silly audit   'electron-to-chromium': [ '1.5.331' ],
80 silly audit   'emoji-regex': [ '9.2.2' ],
80 silly audit   'es-abstract': [ '1.24.1' ],
80 silly audit   'es-define-property': [ '1.0.1' ],
80 silly audit   'es-errors': [ '1.3.0' ],
80 silly audit   'es-iterator-helpers': [ '1.3.1' ],
80 silly audit   'es-object-atoms': [ '1.1.1' ],
80 silly audit   'es-set-tostringtag': [ '2.1.0' ],
80 silly audit   'es-shim-unscopables': [ '1.1.0' ],
80 silly audit   'es-to-primitive': [ '1.3.0' ],
80 silly audit   escalade: [ '3.2.0' ],
80 silly audit   'escape-string-regexp': [ '4.0.0' ],
80 silly audit   eslint: [ '9.39.4' ],
80 silly audit   'eslint-config-next': [ '16.2.2' ],
80 silly audit   globals: [ '16.4.0', '14.0.0' ],
80 silly audit   'eslint-import-resolver-node': [ '0.3.10' ],
80 silly audit   'eslint-import-resolver-typescript': [ '3.10.1' ],
80 silly audit   'eslint-module-utils': [ '2.12.1' ],
80 silly audit   'eslint-plugin-import': [ '2.32.0' ],
80 silly audit   'eslint-plugin-jsx-a11y': [ '6.10.2' ],
80 silly audit   'eslint-plugin-react': [ '7.37.5' ],
80 silly audit   'eslint-plugin-react-hooks': [ '7.0.1' ],
80 silly audit   'eslint-scope': [ '8.4.0' ],
80 silly audit   espree: [ '10.4.0' ],
80 silly audit   esquery: [ '1.7.0' ],
80 silly audit   esrecurse: [ '4.3.0' ],
80 silly audit   estraverse: [ '5.3.0' ],
80 silly audit   esutils: [ '2.0.3' ],
80 silly audit   'fast-deep-equal': [ '3.1.3' ],
80 silly audit   'fast-glob': [ '3.3.1' ],
80 silly audit   'glob-parent': [ '5.1.2', '6.0.2' ],
80 silly audit   'fast-json-stable-stringify': [ '2.1.0' ],
80 silly audit   'fast-levenshtein': [ '2.0.6' ],
80 silly audit   fastq: [ '1.20.1' ],
80 silly audit   'file-entry-cache': [ '8.0.0' ],
80 silly audit   'fill-range': [ '7.1.1' ],
80 silly audit   'find-up': [ '5.0.0' ],
80 silly audit   'flat-cache': [ '4.0.1' ],
80 silly audit   flatted: [ '3.4.2' ],
80 silly audit   'for-each': [ '0.3.5' ],
80 silly audit   'function-bind': [ '1.1.2' ],
80 silly audit   'function.prototype.name': [ '1.1.8' ],
80 silly audit   'functions-have-names': [ '1.2.3' ],
80 silly audit   'generator-function': [ '2.0.1' ],
80 silly audit   gensync: [ '1.0.0-beta.2' ],
80 silly audit   'get-intrinsic': [ '1.3.0' ],
80 silly audit   'get-proto': [ '1.0.1' ],
80 silly audit   'get-symbol-description': [ '1.1.0' ],
80 silly audit   'get-tsconfig': [ '4.13.7' ],
80 silly audit   globalthis: [ '1.0.4' ],
80 silly audit   gopd: [ '1.2.0' ],
80 silly audit   'has-bigints': [ '1.1.0' ],
80 silly audit   'has-flag': [ '4.0.0' ],
80 silly audit   'has-property-descriptors': [ '1.0.2' ],
80 silly audit   'has-proto': [ '1.2.0' ],
80 silly audit   'has-symbols': [ '1.1.0' ],
80 silly audit   'has-tostringtag': [ '1.0.2' ],
80 silly audit   hasown: [ '2.0.2' ],
80 silly audit   'hermes-estree': [ '0.25.1' ],
80 silly audit   'hermes-parser': [ '0.25.1' ],
80 silly audit   'import-fresh': [ '3.3.1' ],
80 silly audit   imurmurhash: [ '0.1.4' ],
80 silly audit   'internal-slot': [ '1.1.0' ],
80 silly audit   'is-array-buffer': [ '3.0.5' ],
80 silly audit   'is-async-function': [ '2.1.1' ],
80 silly audit   'is-bigint': [ '1.1.0' ],
80 silly audit   'is-boolean-object': [ '1.2.2' ],
80 silly audit   'is-bun-module': [ '2.0.0' ],
80 silly audit   'is-callable': [ '1.2.7' ],
80 silly audit   'is-core-module': [ '2.16.1' ],
80 silly audit   'is-data-view': [ '1.0.2' ],
80 silly audit   'is-date-object': [ '1.1.0' ],
80 silly audit   'is-extglob': [ '2.1.1' ],
80 silly audit   'is-finalizationregistry': [ '1.1.1' ],
80 silly audit   'is-generator-function': [ '1.1.2' ],
80 silly audit   'is-glob': [ '4.0.3' ],
80 silly audit   'is-map': [ '2.0.3' ],
80 silly audit   'is-negative-zero': [ '2.0.3' ],
80 silly audit   'is-number': [ '7.0.0' ],
80 silly audit   'is-number-object': [ '1.1.1' ],
80 silly audit   'is-regex': [ '1.2.1' ],
80 silly audit   'is-set': [ '2.0.3' ],
80 silly audit   'is-shared-array-buffer': [ '1.0.4' ],
80 silly audit   'is-string': [ '1.1.1' ],
80 silly audit   'is-symbol': [ '1.1.1' ],
80 silly audit   'is-typed-array': [ '1.1.15' ],
80 silly audit   'is-weakmap': [ '2.0.2' ],
80 silly audit   'is-weakref': [ '1.1.1' ],
80 silly audit   'is-weakset': [ '2.0.4' ],
80 silly audit   isarray: [ '2.0.5' ],
80 silly audit   isexe: [ '2.0.0' ],
80 silly audit   'iterator.prototype': [ '1.1.5' ],
80 silly audit   'js-tokens': [ '4.0.0' ],
80 silly audit   'js-yaml': [ '4.1.1' ],
80 silly audit   jsesc: [ '3.1.0' ],
80 silly audit   'json-buffer': [ '3.0.1' ],
80 silly audit   'json-schema-traverse': [ '0.4.1' ],
80 silly audit   'json-stable-stringify-without-jsonify': [ '1.0.1' ],
80 silly audit   json5: [ '2.2.3', '1.0.2' ],
80 silly audit   'jsx-ast-utils': [ '3.3.5' ],
80 silly audit   keyv: [ '4.5.4' ],
80 silly audit   'language-subtag-registry': [ '0.3.23' ],
80 silly audit   'language-tags': [ '1.0.9' ],
80 silly audit   levn: [ '0.4.1' ],
80 silly audit   'locate-path': [ '6.0.0' ],
80 silly audit   'lodash.merge': [ '4.6.2' ],
80 silly audit   'loose-envify': [ '1.4.0' ],
80 silly audit   'lru-cache': [ '5.1.1' ],
80 silly audit   'math-intrinsics': [ '1.1.0' ],
80 silly audit   'memory-pager': [ '1.5.0' ],
80 silly audit   merge2: [ '1.4.1' ],
80 silly audit   micromatch: [ '4.0.8' ],
80 silly audit   minimist: [ '1.2.8' ],
80 silly audit   mongodb: [ '7.1.1' ],
80 silly audit   'mongodb-connection-string-url': [ '7.0.1' ],
80 silly audit   ms: [ '2.1.3' ],
80 silly audit   nanoid: [ '3.3.11' ],
80 silly audit   'napi-postinstall': [ '0.3.4' ],
80 silly audit   'natural-compare': [ '1.4.0' ],
80 silly audit   next: [ '16.2.2' ],
80 silly audit   'node-exports-info': [ '1.6.0' ],
80 silly audit   'node-releases': [ '2.0.37' ],
80 silly audit   'object-assign': [ '4.1.1' ],
80 silly audit   'object-inspect': [ '1.13.4' ],
80 silly audit   'object-keys': [ '1.1.1' ],
80 silly audit   'object.assign': [ '4.1.7' ],
80 silly audit   'object.entries': [ '1.1.9' ],
80 silly audit   'object.fromentries': [ '2.0.8' ],
80 silly audit   'object.groupby': [ '1.0.3' ],
80 silly audit   'object.values': [ '1.2.1' ],
80 silly audit   optionator: [ '0.9.4' ],
80 silly audit   'own-keys': [ '1.0.1' ],
80 silly audit   'p-limit': [ '3.1.0' ],
80 silly audit   'p-locate': [ '5.0.0' ],
80 silly audit   'parent-module': [ '1.0.1' ],
80 silly audit   'path-exists': [ '4.0.0' ],
80 silly audit   'path-key': [ '3.1.1' ],
80 silly audit   'path-parse': [ '1.0.7' ],
80 silly audit   picocolors: [ '1.1.1' ],
80 silly audit   picomatch: [ '2.3.2', '4.0.4' ],
80 silly audit   'possible-typed-array-names': [ '1.1.0' ],
80 silly audit   postcss: [ '8.4.31' ],
80 silly audit   'prelude-ls': [ '1.2.1' ],
80 silly audit   'prop-types': [ '15.8.1' ],
80 silly audit   punycode: [ '2.3.1' ],
80 silly audit   'queue-microtask': [ '1.2.3' ],
80 silly audit   react: [ '19.2.4' ],
80 silly audit   'react-dom': [ '19.2.4' ],
80 silly audit   'react-is': [ '16.13.1' ],
80 silly audit   'reflect.getprototypeof': [ '1.0.10' ],
80 silly audit   'regexp.prototype.flags': [ '1.5.4' ],
80 silly audit   resolve: [ '2.0.0-next.6' ],
80 silly audit   'resolve-from': [ '4.0.0' ],
80 silly audit   'resolve-pkg-maps': [ '1.0.0' ],
80 silly audit   reusify: [ '1.1.0' ],
80 silly audit   'run-parallel': [ '1.2.0' ],
80 silly audit   'safe-array-concat': [ '1.1.3' ],
80 silly audit   'safe-push-apply': [ '1.0.0' ],
80 silly audit   'safe-regex-test': [ '1.1.0' ],
80 silly audit   scheduler: [ '0.27.0' ],
80 silly audit   'set-function-length': [ '1.2.2' ],
80 silly audit   'set-function-name': [ '2.0.2' ],
80 silly audit   'set-proto': [ '1.0.0' ],
80 silly audit   sharp: [ '0.34.5' ],
80 silly audit   'shebang-command': [ '2.0.0' ],
80 silly audit   'shebang-regex': [ '3.0.0' ],
80 silly audit   'side-channel': [ '1.1.0' ],
80 silly audit   'side-channel-list': [ '1.0.0' ],
80 silly audit   'side-channel-map': [ '1.0.1' ],
80 silly audit   'side-channel-weakmap': [ '1.0.2' ],
80 silly audit   'source-map-js': [ '1.2.1' ],
80 silly audit   'sparse-bitfield': [ '3.0.3' ],
80 silly audit   'stable-hash': [ '0.0.5' ],
80 silly audit   'stop-iteration-iterator': [ '1.1.0' ],
80 silly audit   'string.prototype.includes': [ '2.0.1' ],
80 silly audit   'string.prototype.matchall': [ '4.0.12' ],
80 silly audit   'string.prototype.repeat': [ '1.0.0' ],
80 silly audit   'string.prototype.trim': [ '1.2.10' ],
80 silly audit   'string.prototype.trimend': [ '1.0.9' ],
80 silly audit   'string.prototype.trimstart': [ '1.0.8' ],
80 silly audit   'strip-bom': [ '3.0.0' ],
80 silly audit   'strip-json-comments': [ '3.1.1' ],
80 silly audit   'styled-jsx': [ '5.1.6' ],
80 silly audit   'supports-color': [ '7.2.0' ],
80 silly audit   'supports-preserve-symlinks-flag': [ '1.0.0' ],
80 silly audit   tinyglobby: [ '0.2.15' ],
80 silly audit   fdir: [ '6.5.0' ],
80 silly audit   'to-regex-range': [ '5.0.1' ],
80 silly audit   tr46: [ '5.1.1' ],
80 silly audit   'ts-api-utils': [ '2.5.0' ],
80 silly audit   'tsconfig-paths': [ '3.15.0' ],
80 silly audit   tslib: [ '2.8.1' ],
80 silly audit   'type-check': [ '0.4.0' ],
80 silly audit   'typed-array-buffer': [ '1.0.3' ],
80 silly audit   'typed-array-byte-length': [ '1.0.3' ],
80 silly audit   'typed-array-byte-offset': [ '1.0.4' ],
80 silly audit   'typed-array-length': [ '1.0.7' ],
80 silly audit   typescript: [ '6.0.2' ],
80 silly audit   'typescript-eslint': [ '8.58.0' ],
80 silly audit   'unbox-primitive': [ '1.1.0' ],
80 silly audit   'unrs-resolver': [ '1.11.1' ],
80 silly audit   'update-browserslist-db': [ '1.2.3' ],
80 silly audit   'uri-js': [ '4.4.1' ],
80 silly audit   'webidl-conversions': [ '7.0.0' ],
80 silly audit   'whatwg-url': [ '14.2.0' ],
80 silly audit   which: [ '2.0.2' ],
80 silly audit   'which-boxed-primitive': [ '1.1.1' ],
80 silly audit   'which-builtin-type': [ '1.2.1' ],
80 silly audit   'which-collection': [ '1.0.2' ],
80 silly audit   'which-typed-array': [ '1.1.20' ],
80 silly audit   'word-wrap': [ '1.2.5' ],
80 silly audit   yallist: [ '3.1.1' ],
80 silly audit   'yocto-queue': [ '0.1.0' ],
80 silly audit   zod: [ '4.3.6' ],
80 silly audit   'zod-validation-error': [ '4.0.2' ],
80 silly audit   mysql2: [ '3.20.0' ],
80 silly audit   '@types/node': [ '25.5.2' ],
80 silly audit   'undici-types': [ '7.18.2' ],
80 silly audit   'aws-ssl-profiles': [ '1.1.2' ],
80 silly audit   denque: [ '2.1.0' ],
80 silly audit   'generate-function': [ '2.3.1' ],
80 silly audit   'iconv-lite': [ '0.7.2' ],
80 silly audit   long: [ '5.3.2' ],
80 silly audit   'lru.min': [ '1.1.4' ],
80 silly audit   'named-placeholders': [ '1.1.6' ],
80 silly audit   'sql-escaper': [ '1.3.3' ],
80 silly audit   'is-property': [ '1.0.2' ],
80 silly audit   'safer-buffer': [ '2.1.2' ]
80 silly audit }
81 http cache sql-escaper@https://registry.npmjs.org/sql-escaper/-/sql-escaper-1.3.3.tgz 0ms (cache hit)
82 http cache is-property@https://registry.npmjs.org/is-property/-/is-property-1.0.2.tgz 0ms (cache hit)
83 http cache named-placeholders@https://registry.npmjs.org/named-placeholders/-/named-placeholders-1.1.6.tgz 0ms (cache hit)
84 http cache safer-buffer@https://registry.npmjs.org/safer-buffer/-/safer-buffer-2.1.2.tgz 0ms (cache hit)
85 http cache long@https://registry.npmjs.org/long/-/long-5.3.2.tgz 0ms (cache hit)
86 http cache lru.min@https://registry.npmjs.org/lru.min/-/lru.min-1.1.4.tgz 0ms (cache hit)
87 http cache generate-function@https://registry.npmjs.org/generate-function/-/generate-function-2.3.1.tgz 0ms (cache hit)
88 http cache aws-ssl-profiles@https://registry.npmjs.org/aws-ssl-profiles/-/aws-ssl-profiles-1.1.2.tgz 0ms (cache hit)
89 http cache @types/node@https://registry.npmjs.org/@types/node/-/node-25.5.2.tgz 0ms (cache hit)
90 http cache iconv-lite@https://registry.npmjs.org/iconv-lite/-/iconv-lite-0.7.2.tgz 0ms (cache hit)
91 silly tarball no local data for sql-escaper@https://registry.npmjs.org/sql-escaper/-/sql-escaper-1.3.3.tgz. Extracting by manifest.
92 silly tarball no local data for is-property@https://registry.npmjs.org/is-property/-/is-property-1.0.2.tgz. Extracting by manifest.
93 silly tarball no local data for named-placeholders@https://registry.npmjs.org/named-placeholders/-/named-placeholders-1.1.6.tgz. Extracting by manifest.
94 silly tarball no local data for safer-buffer@https://registry.npmjs.org/safer-buffer/-/safer-buffer-2.1.2.tgz. Extracting by manifest.
95 silly tarball no local data for long@https://registry.npmjs.org/long/-/long-5.3.2.tgz. Extracting by manifest.
96 silly tarball no local data for lru.min@https://registry.npmjs.org/lru.min/-/lru.min-1.1.4.tgz. Extracting by manifest.
97 silly tarball no local data for generate-function@https://registry.npmjs.org/generate-function/-/generate-function-2.3.1.tgz. Extracting by manifest.
98 silly tarball no local data for aws-ssl-profiles@https://registry.npmjs.org/aws-ssl-profiles/-/aws-ssl-profiles-1.1.2.tgz. Extracting by manifest.
99 silly tarball no local data for @types/node@https://registry.npmjs.org/@types/node/-/node-25.5.2.tgz. Extracting by manifest.
100 http cache undici-types@https://registry.npmjs.org/undici-types/-/undici-types-7.18.2.tgz 0ms (cache hit)
101 silly tarball no local data for iconv-lite@https://registry.npmjs.org/iconv-lite/-/iconv-lite-0.7.2.tgz. Extracting by manifest.
102 http cache mysql2@https://registry.npmjs.org/mysql2/-/mysql2-3.20.0.tgz 0ms (cache hit)
103 http cache denque@https://registry.npmjs.org/denque/-/denque-2.1.0.tgz 0ms (cache hit)
104 silly tarball no local data for undici-types@https://registry.npmjs.org/undici-types/-/undici-types-7.18.2.tgz. Extracting by manifest.
105 silly tarball no local data for mysql2@https://registry.npmjs.org/mysql2/-/mysql2-3.20.0.tgz. Extracting by manifest.
106 silly tarball no local data for denque@https://registry.npmjs.org/denque/-/denque-2.1.0.tgz. Extracting by manifest.
107 http fetch GET 200 https://registry.npmjs.org/named-placeholders/-/named-placeholders-1.1.6.tgz 269ms (cache miss)
108 http fetch GET 200 https://registry.npmjs.org/is-property/-/is-property-1.0.2.tgz 273ms (cache miss)
109 http fetch GET 200 https://registry.npmjs.org/generate-function/-/generate-function-2.3.1.tgz 278ms (cache miss)
110 http fetch GET 200 https://registry.npmjs.org/safer-buffer/-/safer-buffer-2.1.2.tgz 299ms (cache miss)
111 http fetch GET 200 https://registry.npmjs.org/lru.min/-/lru.min-1.1.4.tgz 302ms (cache miss)
112 http fetch GET 200 https://registry.npmjs.org/sql-escaper/-/sql-escaper-1.3.3.tgz 315ms (cache miss)
113 http fetch GET 200 https://registry.npmjs.org/long/-/long-5.3.2.tgz 323ms (cache miss)
114 http fetch GET 200 https://registry.npmjs.org/aws-ssl-profiles/-/aws-ssl-profiles-1.1.2.tgz 337ms (cache miss)
115 http fetch POST 200 https://registry.npmjs.org/-/npm/v1/security/advisories/bulk 412ms
116 silly audit report {}
117 http fetch GET 200 https://registry.npmjs.org/denque/-/denque-2.1.0.tgz 407ms (cache miss)
118 http fetch GET 200 https://registry.npmjs.org/undici-types/-/undici-types-7.18.2.tgz 563ms (cache miss)
119 http fetch GET 200 https://registry.npmjs.org/iconv-lite/-/iconv-lite-0.7.2.tgz 589ms (cache miss)
120 http fetch GET 200 https://registry.npmjs.org/@types/node/-/node-25.5.2.tgz 825ms (cache miss)
121 http fetch GET 200 https://registry.npmjs.org/mysql2/-/mysql2-3.20.0.tgz 893ms (cache miss)
122 silly ADD node_modules/safer-buffer
123 silly ADD node_modules/is-property
124 silly ADD node_modules/sql-escaper
125 silly ADD node_modules/named-placeholders
126 silly ADD node_modules/lru.min
127 silly ADD node_modules/long
128 silly ADD node_modules/iconv-lite
129 silly ADD node_modules/generate-function
130 silly ADD node_modules/denque
131 silly ADD node_modules/aws-ssl-profiles
132 silly ADD node_modules/undici-types
133 silly ADD node_modules/@types/node
134 silly ADD node_modules/mysql2
135 verbose cwd C:\xampp\htdocs\cab_management\cab_booking_app
136 verbose os Windows_NT 10.0.26200
137 verbose node v24.14.0
138 verbose npm  v11.9.0
139 verbose exit 0
140 info ok
